app/build/intermediates/manifest_merge_blame_file/release/manifest-merger-blame-release-report.txt
1<?xml version="1.0" encoding="utf-8"?>
2<manifest xmlns:android="http://schemas.android.com/apk/res/android"
3    package="com.ne.muslimprayers.qiblafinder"
4    android:versionCode="2"
5    android:versionName="1.2" >
6
7    <uses-sdk
8        android:minSdkVersion="21"
9        android:targetSdkVersion="34" />
10
11    <uses-permission android:name="android.permission.INTERNET" />
11-->src\main\AndroidManifest.xml:5:5-67
11-->src\main\AndroidManifest.xml:5:22-64
12    <uses-permission android:name="android.permission.ACCESS_COARSE_LOCATION" />
12-->src\main\AndroidManifest.xml:6:5-81
12-->src\main\AndroidManifest.xml:6:22-78
13    <uses-permission android:name="android.permission.ACCESS_FINE_LOCATION" />
13-->src\main\AndroidManifest.xml:7:5-79
13-->src\main\AndroidManifest.xml:7:22-76
14    <uses-permission android:name="android.permission.POST_NOTIFICATIONS" />
14-->src\main\AndroidManifest.xml:9:5-77
14-->src\main\AndroidManifest.xml:9:22-74
15
16    <!-- Although the *SdkVersion is captured in gradle build files, this is required for non gradle builds -->
17    <!-- <uses-sdk android:minSdkVersion="14" /> -->
18    <uses-permission android:name="android.permission.ACCESS_NETWORK_STATE" />
18-->[com.google.firebase:firebase-firestore:24.7.0] AndroidManifest.xml:12:5-79
18-->[com.google.firebase:firebase-firestore:24.7.0] AndroidManifest.xml:12:22-76
19    <uses-permission android:name="android.permission.WAKE_LOCK" />
19-->[com.google.android.gms:play-services-measurement-api:21.3.0] AndroidManifest.xml:24:5-68
19-->[com.google.android.gms:play-services-measurement-api:21.3.0] AndroidManifest.xml:24:22-65
20    <uses-permission android:name="com.google.android.gms.permission.AD_ID" />
20-->[com.google.android.gms:play-services-measurement-api:21.3.0] AndroidManifest.xml:25:5-79
20-->[com.google.android.gms:play-services-measurement-api:21.3.0] AndroidManifest.xml:25:22-76
21    <uses-permission android:name="android.permission.ACCESS_ADSERVICES_AD_ID" />
21-->[com.google.android.gms:play-services-ads-lite:22.4.0] AndroidManifest.xml:27:5-82
21-->[com.google.android.gms:play-services-ads-lite:22.4.0] AndroidManifest.xml:27:22-79
22    <uses-permission android:name="android.permission.ACCESS_ADSERVICES_ATTRIBUTION" />
22-->[com.google.android.gms:play-services-ads-lite:22.4.0] AndroidManifest.xml:28:5-88
22-->[com.google.android.gms:play-services-ads-lite:22.4.0] AndroidManifest.xml:28:22-85
23    <uses-permission android:name="android.permission.ACCESS_ADSERVICES_TOPICS" /> <!-- Android package visibility setting -->
23-->[com.google.android.gms:play-services-ads-lite:22.4.0] AndroidManifest.xml:29:5-83
23-->[com.google.android.gms:play-services-ads-lite:22.4.0] AndroidManifest.xml:29:22-80
24    <queries>
24-->[com.google.android.gms:play-services-ads-lite:22.4.0] AndroidManifest.xml:35:5-51:15
25
26        <!-- For browser content -->
27        <intent>
27-->[com.google.android.gms:play-services-ads-lite:22.4.0] AndroidManifest.xml:38:9-44:18
28            <action android:name="android.intent.action.VIEW" />
28-->[com.google.android.gms:play-services-ads-lite:22.4.0] AndroidManifest.xml:39:13-65
28-->[com.google.android.gms:play-services-ads-lite:22.4.0] AndroidManifest.xml:39:21-62
29
30            <category android:name="android.intent.category.BROWSABLE" />
30-->[com.google.android.gms:play-services-ads-lite:22.4.0] AndroidManifest.xml:41:13-74
30-->[com.google.android.gms:play-services-ads-lite:22.4.0] AndroidManifest.xml:41:23-71
31
32            <data android:scheme="https" />
32-->[com.google.android.gms:play-services-ads-lite:22.4.0] AndroidManifest.xml:43:13-44
32-->[com.google.android.gms:play-services-ads-lite:22.4.0] AndroidManifest.xml:43:19-41
33        </intent>
34        <!-- End of browser content -->
35        <!-- For CustomTabsService -->
36        <intent>
36-->[com.google.android.gms:play-services-ads-lite:22.4.0] AndroidManifest.xml:47:9-49:18
37            <action android:name="android.support.customtabs.action.CustomTabsService" />
37-->[com.google.android.gms:play-services-ads-lite:22.4.0] AndroidManifest.xml:48:13-90
37-->[com.google.android.gms:play-services-ads-lite:22.4.0] AndroidManifest.xml:48:21-87
38        </intent>
39        <!-- End of CustomTabsService -->
40    </queries>
41
42    <uses-permission android:name="com.google.android.finsky.permission.BIND_GET_INSTALL_REFERRER_SERVICE" />
42-->[com.google.android.gms:play-services-measurement:21.3.0] AndroidManifest.xml:26:5-110
42-->[com.google.android.gms:play-services-measurement:21.3.0] AndroidManifest.xml:26:22-107
43    <uses-permission android:name="android.permission.FOREGROUND_SERVICE" />
43-->[androidx.work:work-runtime:2.7.1] AndroidManifest.xml:28:5-77
43-->[androidx.work:work-runtime:2.7.1] AndroidManifest.xml:28:22-74
44
45    <permission
45-->[androidx.core:core:1.9.0] AndroidManifest.xml:22:5-24:47
46        android:name="com.ne.muslimprayers.qiblafinder.DYNAMIC_RECEIVER_NOT_EXPORTED_PERMISSION"
46-->[androidx.core:core:1.9.0] AndroidManifest.xml:23:9-81
47        android:protectionLevel="signature" />
47-->[androidx.core:core:1.9.0] AndroidManifest.xml:24:9-44
48
49    <uses-permission android:name="com.ne.muslimprayers.qiblafinder.DYNAMIC_RECEIVER_NOT_EXPORTED_PERMISSION" />
49-->[androidx.core:core:1.9.0] AndroidManifest.xml:26:5-97
49-->[androidx.core:core:1.9.0] AndroidManifest.xml:26:22-94
50
51    <application
51-->src\main\AndroidManifest.xml:11:5-50:19
52        android:name="com.ne.muslimprayers.qiblafinder.App"
52-->src\main\AndroidManifest.xml:12:9-28
53        android:allowBackup="true"
53-->src\main\AndroidManifest.xml:13:9-35
54        android:appComponentFactory="androidx.core.app.CoreComponentFactory"
54-->[androidx.core:core:1.9.0] AndroidManifest.xml:28:18-86
55        android:dataExtractionRules="@xml/data_extraction_rules"
55-->src\main\AndroidManifest.xml:14:9-65
56        android:extractNativeLibs="true"
57        android:fullBackupContent="@xml/backup_rules"
57-->src\main\AndroidManifest.xml:15:9-54
58        android:hardwareAccelerated="true"
58-->src\main\AndroidManifest.xml:16:9-43
59        android:icon="@mipmap/icon"
59-->src\main\AndroidManifest.xml:17:9-36
60        android:label="@string/app_name"
60-->src\main\AndroidManifest.xml:18:9-41
61        android:largeHeap="true"
61-->src\main\AndroidManifest.xml:19:9-33
62        android:roundIcon="@mipmap/icon"
62-->src\main\AndroidManifest.xml:20:9-41
63        android:supportsRtl="true"
63-->src\main\AndroidManifest.xml:21:9-35
64        android:theme="@style/AppTheme"
64-->src\main\AndroidManifest.xml:22:9-40
65        android:usesCleartextTraffic="true" >
65-->src\main\AndroidManifest.xml:23:9-44
66        <activity
66-->src\main\AndroidManifest.xml:27:9-37:20
67            android:name="com.ne.muslimprayers.qiblafinder.ui.activities.SplashActivity"
67-->src\main\AndroidManifest.xml:28:13-57
68            android:exported="true"
68-->src\main\AndroidManifest.xml:29:13-36
69            android:screenOrientation="portrait"
69-->src\main\AndroidManifest.xml:30:13-49
70            android:theme="@style/Splash" >
70-->src\main\AndroidManifest.xml:31:13-42
71            <intent-filter>
71-->src\main\AndroidManifest.xml:32:13-36:29
72                <action android:name="android.intent.action.MAIN" />
72-->src\main\AndroidManifest.xml:33:17-69
72-->src\main\AndroidManifest.xml:33:25-66
73
74                <category android:name="android.intent.category.LAUNCHER" />
74-->src\main\AndroidManifest.xml:35:17-77
74-->src\main\AndroidManifest.xml:35:27-74
75            </intent-filter>
76        </activity>
77        <activity
77-->src\main\AndroidManifest.xml:38:9-41:39
78            android:name="com.ne.muslimprayers.qiblafinder.ui.activities.MainActivity"
78-->src\main\AndroidManifest.xml:39:13-55
79            android:exported="true"
79-->src\main\AndroidManifest.xml:41:13-36
80            android:screenOrientation="portrait" />
80-->src\main\AndroidManifest.xml:40:13-49
81
82        <receiver
82-->src\main\AndroidManifest.xml:43:9-45:39
83            android:name="com.example.islamicapp.services.PrayerAlarm"
83-->src\main\AndroidManifest.xml:43:19-77
84            android:enabled="true"
84-->src\main\AndroidManifest.xml:44:13-35
85            android:exported="true" />
85-->src\main\AndroidManifest.xml:45:13-36
86
87        <meta-data
87-->src\main\AndroidManifest.xml:47:9-49:45
88            android:name="com.google.android.gms.ads.APPLICATION_ID"
88-->src\main\AndroidManifest.xml:48:13-69
89            android:value="@string/appId" />
89-->src\main\AndroidManifest.xml:49:13-42
90
91        <service
91-->[com.google.firebase:firebase-crashlytics-ktx:18.4.0] AndroidManifest.xml:23:9-29:19
92            android:name="com.google.firebase.components.ComponentDiscoveryService"
92-->[com.google.firebase:firebase-crashlytics-ktx:18.4.0] AndroidManifest.xml:24:13-84
93            android:directBootAware="true"
93-->[com.google.firebase:firebase-common:20.3.3] AndroidManifest.xml:34:13-43
94            android:exported="false" >
94-->[com.google.firebase:firebase-crashlytics-ktx:18.4.0] AndroidManifest.xml:25:13-37
95            <meta-data
95-->[com.google.firebase:firebase-crashlytics-ktx:18.4.0] AndroidManifest.xml:26:13-28:85
96                android:name="com.google.firebase.components:com.google.firebase.crashlytics.ktx.FirebaseCrashlyticsKtxRegistrar"
96-->[com.google.firebase:firebase-crashlytics-ktx:18.4.0] AndroidManifest.xml:27:17-130
97                android:value="com.google.firebase.components.ComponentRegistrar" />
97-->[com.google.firebase:firebase-crashlytics-ktx:18.4.0] AndroidManifest.xml:28:17-82
98            <meta-data
98-->[com.google.firebase:firebase-crashlytics:18.4.0] AndroidManifest.xml:17:13-19:85
99                android:name="com.google.firebase.components:com.google.firebase.crashlytics.CrashlyticsRegistrar"
99-->[com.google.firebase:firebase-crashlytics:18.4.0] AndroidManifest.xml:18:17-115
100                android:value="com.google.firebase.components.ComponentRegistrar" />
100-->[com.google.firebase:firebase-crashlytics:18.4.0] AndroidManifest.xml:19:17-82
101            <meta-data
101-->[com.google.firebase:firebase-sessions:1.0.0] AndroidManifest.xml:27:13-29:85
102                android:name="com.google.firebase.components:com.google.firebase.sessions.FirebaseSessionsRegistrar"
102-->[com.google.firebase:firebase-sessions:1.0.0] AndroidManifest.xml:28:17-117
103                android:value="com.google.firebase.components.ComponentRegistrar" />
103-->[com.google.firebase:firebase-sessions:1.0.0] AndroidManifest.xml:29:17-82
104            <meta-data
104-->[com.google.firebase:firebase-firestore:24.7.0] AndroidManifest.xml:19:13-21:85
105                android:name="com.google.firebase.components:com.google.firebase.firestore.FirestoreRegistrar"
105-->[com.google.firebase:firebase-firestore:24.7.0] AndroidManifest.xml:20:17-111
106                android:value="com.google.firebase.components.ComponentRegistrar" />
106-->[com.google.firebase:firebase-firestore:24.7.0] AndroidManifest.xml:21:17-82
107            <meta-data
107-->[com.google.firebase:firebase-analytics-ktx:21.3.0] AndroidManifest.xml:11:13-13:85
108                android:name="com.google.firebase.components:com.google.firebase.analytics.ktx.FirebaseAnalyticsKtxRegistrar"
108-->[com.google.firebase:firebase-analytics-ktx:21.3.0] AndroidManifest.xml:12:17-126
109                android:value="com.google.firebase.components.ComponentRegistrar" />
109-->[com.google.firebase:firebase-analytics-ktx:21.3.0] AndroidManifest.xml:13:17-82
110            <meta-data
110-->[com.google.firebase:firebase-common-ktx:20.3.3] AndroidManifest.xml:14:13-16:85
111                android:name="com.google.firebase.components:com.google.firebase.ktx.FirebaseCommonKtxRegistrar"
111-->[com.google.firebase:firebase-common-ktx:20.3.3] AndroidManifest.xml:15:17-113
112                android:value="com.google.firebase.components.ComponentRegistrar" />
112-->[com.google.firebase:firebase-common-ktx:20.3.3] AndroidManifest.xml:16:17-82
113            <meta-data
113-->[com.google.android.gms:play-services-measurement-api:21.3.0] AndroidManifest.xml:31:13-33:85
114                android:name="com.google.firebase.components:com.google.firebase.analytics.connector.internal.AnalyticsConnectorRegistrar"
114-->[com.google.android.gms:play-services-measurement-api:21.3.0] AndroidManifest.xml:32:17-139
115                android:value="com.google.firebase.components.ComponentRegistrar" />
115-->[com.google.android.gms:play-services-measurement-api:21.3.0] AndroidManifest.xml:33:17-82
116            <meta-data
116-->[com.google.firebase:firebase-installations:17.1.3] AndroidManifest.xml:17:13-19:85
117                android:name="com.google.firebase.components:com.google.firebase.installations.FirebaseInstallationsRegistrar"
117-->[com.google.firebase:firebase-installations:17.1.3] AndroidManifest.xml:18:17-127
118                android:value="com.google.firebase.components.ComponentRegistrar" />
118-->[com.google.firebase:firebase-installations:17.1.3] AndroidManifest.xml:19:17-82
119            <meta-data
119-->[com.google.firebase:firebase-datatransport:18.1.8] AndroidManifest.xml:27:13-29:85
120                android:name="com.google.firebase.components:com.google.firebase.datatransport.TransportRegistrar"
120-->[com.google.firebase:firebase-datatransport:18.1.8] AndroidManifest.xml:28:17-115
121                android:value="com.google.firebase.components.ComponentRegistrar" />
121-->[com.google.firebase:firebase-datatransport:18.1.8] AndroidManifest.xml:29:17-82
122        </service>
123
124        <activity
124-->[com.karumi:dexter:6.2.3] AndroidManifest.xml:27:9-29:72
125            android:name="com.karumi.dexter.DexterActivity"
125-->[com.karumi:dexter:6.2.3] AndroidManifest.xml:28:13-60
126            android:theme="@style/Dexter.Internal.Theme.Transparent" />
126-->[com.karumi:dexter:6.2.3] AndroidManifest.xml:29:13-69
127
128        <uses-library
128-->[androidx.privacysandbox.ads:ads-adservices:1.0.0-beta05] AndroidManifest.xml:23:9-25:40
129            android:name="android.ext.adservices"
129-->[androidx.privacysandbox.ads:ads-adservices:1.0.0-beta05] AndroidManifest.xml:24:13-50
130            android:required="false" />
130-->[androidx.privacysandbox.ads:ads-adservices:1.0.0-beta05] AndroidManifest.xml:25:13-37
131
132        <activity
132-->[com.google.android.gms:play-services-base:18.1.0] AndroidManifest.xml:20:9-22:45
133            android:name="com.google.android.gms.common.api.GoogleApiActivity"
133-->[com.google.android.gms:play-services-base:18.1.0] AndroidManifest.xml:20:19-85
134            android:exported="false"
134-->[com.google.android.gms:play-services-base:18.1.0] AndroidManifest.xml:22:19-43
135            android:theme="@android:style/Theme.Translucent.NoTitleBar" />
135-->[com.google.android.gms:play-services-base:18.1.0] AndroidManifest.xml:21:19-78
136
137        <provider
137-->[com.google.firebase:firebase-common:20.3.3] AndroidManifest.xml:25:9-30:39
138            android:name="com.google.firebase.provider.FirebaseInitProvider"
138-->[com.google.firebase:firebase-common:20.3.3] AndroidManifest.xml:26:13-77
139            android:authorities="com.ne.muslimprayers.qiblafinder.firebaseinitprovider"
139-->[com.google.firebase:firebase-common:20.3.3] AndroidManifest.xml:27:13-72
140            android:directBootAware="true"
140-->[com.google.firebase:firebase-common:20.3.3] AndroidManifest.xml:28:13-43
141            android:exported="false"
141-->[com.google.firebase:firebase-common:20.3.3] AndroidManifest.xml:29:13-37
142            android:initOrder="100" /> <!-- Include the AdActivity and InAppPurchaseActivity configChanges and themes. -->
142-->[com.google.firebase:firebase-common:20.3.3] AndroidManifest.xml:30:13-36
143        <activity
143-->[com.google.android.gms:play-services-ads-lite:22.4.0] AndroidManifest.xml:56:9-61:43
144            android:name="com.google.android.gms.ads.AdActivity"
144-->[com.google.android.gms:play-services-ads-lite:22.4.0] AndroidManifest.xml:57:13-65
145            android:configChanges="keyboard|keyboardHidden|orientation|screenLayout|uiMode|screenSize|smallestScreenSize"
145-->[com.google.android.gms:play-services-ads-lite:22.4.0] AndroidManifest.xml:58:13-122
146            android:exported="false"
146-->[com.google.android.gms:play-services-ads-lite:22.4.0] AndroidManifest.xml:59:13-37
147            android:theme="@android:style/Theme.Translucent" />
147-->[com.google.android.gms:play-services-ads-lite:22.4.0] AndroidManifest.xml:60:13-61
148
149        <provider
149-->[com.google.android.gms:play-services-ads-lite:22.4.0] AndroidManifest.xml:63:9-68:43
150            android:name="com.google.android.gms.ads.MobileAdsInitProvider"
150-->[com.google.android.gms:play-services-ads-lite:22.4.0] AndroidManifest.xml:64:13-76
151            android:authorities="com.ne.muslimprayers.qiblafinder.mobileadsinitprovider"
151-->[com.google.android.gms:play-services-ads-lite:22.4.0] AndroidManifest.xml:65:13-73
152            android:exported="false"
152-->[com.google.android.gms:play-services-ads-lite:22.4.0] AndroidManifest.xml:66:13-37
153            android:initOrder="100" />
153-->[com.google.android.gms:play-services-ads-lite:22.4.0] AndroidManifest.xml:67:13-36
154
155        <service
155-->[com.google.android.gms:play-services-ads-lite:22.4.0] AndroidManifest.xml:70:9-74:43
156            android:name="com.google.android.gms.ads.AdService"
156-->[com.google.android.gms:play-services-ads-lite:22.4.0] AndroidManifest.xml:71:13-64
157            android:enabled="true"
157-->[com.google.android.gms:play-services-ads-lite:22.4.0] AndroidManifest.xml:72:13-35
158            android:exported="false" />
158-->[com.google.android.gms:play-services-ads-lite:22.4.0] AndroidManifest.xml:73:13-37
159
160        <activity
160-->[com.google.android.gms:play-services-ads-lite:22.4.0] AndroidManifest.xml:76:9-80:43
161            android:name="com.google.android.gms.ads.OutOfContextTestingActivity"
161-->[com.google.android.gms:play-services-ads-lite:22.4.0] AndroidManifest.xml:77:13-82
162            android:configChanges="keyboard|keyboardHidden|orientation|screenLayout|uiMode|screenSize|smallestScreenSize"
162-->[com.google.android.gms:play-services-ads-lite:22.4.0] AndroidManifest.xml:78:13-122
163            android:exported="false" />
163-->[com.google.android.gms:play-services-ads-lite:22.4.0] AndroidManifest.xml:79:13-37
164
165        <property
165-->[com.google.android.gms:play-services-ads-lite:22.4.0] AndroidManifest.xml:82:9-84:62
166            android:name="android.adservices.AD_SERVICES_CONFIG"
166-->[com.google.android.gms:play-services-ads-lite:22.4.0] AndroidManifest.xml:83:13-65
167            android:resource="@xml/gma_ad_services_config" />
167-->[com.google.android.gms:play-services-ads-lite:22.4.0] AndroidManifest.xml:84:13-59
168
169        <receiver
169-->[com.google.android.gms:play-services-measurement:21.3.0] AndroidManifest.xml:29:9-33:20
170            android:name="com.google.android.gms.measurement.AppMeasurementReceiver"
170-->[com.google.android.gms:play-services-measurement:21.3.0] AndroidManifest.xml:30:13-85
171            android:enabled="true"
171-->[com.google.android.gms:play-services-measurement:21.3.0] AndroidManifest.xml:31:13-35
172            android:exported="false" >
172-->[com.google.android.gms:play-services-measurement:21.3.0] AndroidManifest.xml:32:13-37
173        </receiver>
174
175        <service
175-->[com.google.android.gms:play-services-measurement:21.3.0] AndroidManifest.xml:35:9-38:40
176            android:name="com.google.android.gms.measurement.AppMeasurementService"
176-->[com.google.android.gms:play-services-measurement:21.3.0] AndroidManifest.xml:36:13-84
177            android:enabled="true"
177-->[com.google.android.gms:play-services-measurement:21.3.0] AndroidManifest.xml:37:13-35
178            android:exported="false" />
178-->[com.google.android.gms:play-services-measurement:21.3.0] AndroidManifest.xml:38:13-37
179        <service
179-->[com.google.android.gms:play-services-measurement:21.3.0] AndroidManifest.xml:39:9-43:72
180            android:name="com.google.android.gms.measurement.AppMeasurementJobService"
180-->[com.google.android.gms:play-services-measurement:21.3.0] AndroidManifest.xml:40:13-87
181            android:enabled="true"
181-->[com.google.android.gms:play-services-measurement:21.3.0] AndroidManifest.xml:41:13-35
182            android:exported="false"
182-->[com.google.android.gms:play-services-measurement:21.3.0] AndroidManifest.xml:42:13-37
183            android:permission="android.permission.BIND_JOB_SERVICE" />
183-->[com.google.android.gms:play-services-measurement:21.3.0] AndroidManifest.xml:43:13-69
184
185        <meta-data
185-->[com.google.android.gms:play-services-basement:18.1.0] AndroidManifest.xml:21:9-23:69
186            android:name="com.google.android.gms.version"
186-->[com.google.android.gms:play-services-basement:18.1.0] AndroidManifest.xml:22:13-58
187            android:value="@integer/google_play_services_version" />
187-->[com.google.android.gms:play-services-basement:18.1.0] AndroidManifest.xml:23:13-66
188
189        <provider
189-->[androidx.emoji2:emoji2:1.2.0] AndroidManifest.xml:24:9-32:20
190            android:name="androidx.startup.InitializationProvider"
190-->[androidx.emoji2:emoji2:1.2.0] AndroidManifest.xml:25:13-67
191            android:authorities="com.ne.muslimprayers.qiblafinder.androidx-startup"
191-->[androidx.emoji2:emoji2:1.2.0] AndroidManifest.xml:26:13-68
192            android:exported="false" >
192-->[androidx.emoji2:emoji2:1.2.0] AndroidManifest.xml:27:13-37
193            <meta-data
193-->[androidx.emoji2:emoji2:1.2.0] AndroidManifest.xml:29:13-31:52
194                android:name="androidx.emoji2.text.EmojiCompatInitializer"
194-->[androidx.emoji2:emoji2:1.2.0] AndroidManifest.xml:30:17-75
195                android:value="androidx.startup" />
195-->[androidx.emoji2:emoji2:1.2.0] AndroidManifest.xml:31:17-49
196            <meta-data
196-->[androidx.work:work-runtime:2.7.1] AndroidManifest.xml:36:13-38:52
197                android:name="androidx.work.WorkManagerInitializer"
197-->[androidx.work:work-runtime:2.7.1] AndroidManifest.xml:37:17-68
198                android:value="androidx.startup" />
198-->[androidx.work:work-runtime:2.7.1] AndroidManifest.xml:38:17-49
199            <meta-data
199-->[androidx.lifecycle:lifecycle-process:2.6.2] AndroidManifest.xml:29:13-31:52
200                android:name="androidx.lifecycle.ProcessLifecycleInitializer"
200-->[androidx.lifecycle:lifecycle-process:2.6.2] AndroidManifest.xml:30:17-78
201                android:value="androidx.startup" />
201-->[androidx.lifecycle:lifecycle-process:2.6.2] AndroidManifest.xml:31:17-49
202            <meta-data
202-->[androidx.profileinstaller:profileinstaller:1.3.0] AndroidManifest.xml:29:13-31:52
203                android:name="androidx.profileinstaller.ProfileInstallerInitializer"
203-->[androidx.profileinstaller:profileinstaller:1.3.0] AndroidManifest.xml:30:17-85
204                android:value="androidx.startup" />
204-->[androidx.profileinstaller:profileinstaller:1.3.0] AndroidManifest.xml:31:17-49
205        </provider>
206
207        <service
207-->[androidx.work:work-runtime:2.7.1] AndroidManifest.xml:41:9-46:35
208            android:name="androidx.work.impl.background.systemalarm.SystemAlarmService"
208-->[androidx.work:work-runtime:2.7.1] AndroidManifest.xml:42:13-88
209            android:directBootAware="false"
209-->[androidx.work:work-runtime:2.7.1] AndroidManifest.xml:43:13-44
210            android:enabled="@bool/enable_system_alarm_service_default"
210-->[androidx.work:work-runtime:2.7.1] AndroidManifest.xml:44:13-72
211            android:exported="false" />
211-->[androidx.work:work-runtime:2.7.1] AndroidManifest.xml:45:13-37
212        <service
212-->[androidx.work:work-runtime:2.7.1] AndroidManifest.xml:47:9-53:35
213            android:name="androidx.work.impl.background.systemjob.SystemJobService"
213-->[androidx.work:work-runtime:2.7.1] AndroidManifest.xml:48:13-84
214            android:directBootAware="false"
214-->[androidx.work:work-runtime:2.7.1] AndroidManifest.xml:49:13-44
215            android:enabled="@bool/enable_system_job_service_default"
215-->[androidx.work:work-runtime:2.7.1] AndroidManifest.xml:50:13-70
216            android:exported="true"
216-->[androidx.work:work-runtime:2.7.1] AndroidManifest.xml:51:13-36
217            android:permission="android.permission.BIND_JOB_SERVICE" />
217-->[androidx.work:work-runtime:2.7.1] AndroidManifest.xml:52:13-69
218        <service
218-->[androidx.work:work-runtime:2.7.1] AndroidManifest.xml:54:9-59:35
219            android:name="androidx.work.impl.foreground.SystemForegroundService"
219-->[androidx.work:work-runtime:2.7.1] AndroidManifest.xml:55:13-81
220            android:directBootAware="false"
220-->[androidx.work:work-runtime:2.7.1] AndroidManifest.xml:56:13-44
221            android:enabled="@bool/enable_system_foreground_service_default"
221-->[androidx.work:work-runtime:2.7.1] AndroidManifest.xml:57:13-77
222            android:exported="false" />
222-->[androidx.work:work-runtime:2.7.1] AndroidManifest.xml:58:13-37
223
224        <receiver
224-->[androidx.work:work-runtime:2.7.1] AndroidManifest.xml:61:9-66:35
225            android:name="androidx.work.impl.utils.ForceStopRunnable$BroadcastReceiver"
225-->[androidx.work:work-runtime:2.7.1] AndroidManifest.xml:62:13-88
226            android:directBootAware="false"
226-->[androidx.work:work-runtime:2.7.1] AndroidManifest.xml:63:13-44
227            android:enabled="true"
227-->[androidx.work:work-runtime:2.7.1] AndroidManifest.xml:64:13-35
228            android:exported="false" />
228-->[androidx.work:work-runtime:2.7.1] AndroidManifest.xml:65:13-37
229        <receiver
229-->[androidx.work:work-runtime:2.7.1] AndroidManifest.xml:67:9-77:20
230            android:name="androidx.work.impl.background.systemalarm.ConstraintProxy$BatteryChargingProxy"
230-->[androidx.work:work-runtime:2.7.1] AndroidManifest.xml:68:13-106
231            android:directBootAware="false"
231-->[androidx.work:work-runtime:2.7.1] AndroidManifest.xml:69:13-44
232            android:enabled="false"
232-->[androidx.work:work-runtime:2.7.1] AndroidManifest.xml:70:13-36
233            android:exported="false" >
233-->[androidx.work:work-runtime:2.7.1] AndroidManifest.xml:71:13-37
234            <intent-filter>
234-->[androidx.work:work-runtime:2.7.1] AndroidManifest.xml:73:13-76:29
235                <action android:name="android.intent.action.ACTION_POWER_CONNECTED" />
235-->[androidx.work:work-runtime:2.7.1] AndroidManifest.xml:74:17-87
235-->[androidx.work:work-runtime:2.7.1] AndroidManifest.xml:74:25-84
236                <action android:name="android.intent.action.ACTION_POWER_DISCONNECTED" />
236-->[androidx.work:work-runtime:2.7.1] AndroidManifest.xml:75:17-90
236-->[androidx.work:work-runtime:2.7.1] AndroidManifest.xml:75:25-87
237            </intent-filter>
238        </receiver>
239        <receiver
239-->[androidx.work:work-runtime:2.7.1] AndroidManifest.xml:78:9-88:20
240            android:name="androidx.work.impl.background.systemalarm.ConstraintProxy$BatteryNotLowProxy"
240-->[androidx.work:work-runtime:2.7.1] AndroidManifest.xml:79:13-104
241            android:directBootAware="false"
241-->[androidx.work:work-runtime:2.7.1] AndroidManifest.xml:80:13-44
242            android:enabled="false"
242-->[androidx.work:work-runtime:2.7.1] AndroidManifest.xml:81:13-36
243            android:exported="false" >
243-->[androidx.work:work-runtime:2.7.1] AndroidManifest.xml:82:13-37
244            <intent-filter>
244-->[androidx.work:work-runtime:2.7.1] AndroidManifest.xml:84:13-87:29
245                <action android:name="android.intent.action.BATTERY_OKAY" />
245-->[androidx.work:work-runtime:2.7.1] AndroidManifest.xml:85:17-77
245-->[androidx.work:work-runtime:2.7.1] AndroidManifest.xml:85:25-74
246                <action android:name="android.intent.action.BATTERY_LOW" />
246-->[androidx.work:work-runtime:2.7.1] AndroidManifest.xml:86:17-76
246-->[androidx.work:work-runtime:2.7.1] AndroidManifest.xml:86:25-73
247            </intent-filter>
248        </receiver>
249        <receiver
249-->[androidx.work:work-runtime:2.7.1] AndroidManifest.xml:89:9-99:20
250            android:name="androidx.work.impl.background.systemalarm.ConstraintProxy$StorageNotLowProxy"
250-->[androidx.work:work-runtime:2.7.1] AndroidManifest.xml:90:13-104
251            android:directBootAware="false"
251-->[androidx.work:work-runtime:2.7.1] AndroidManifest.xml:91:13-44
252            android:enabled="false"
252-->[androidx.work:work-runtime:2.7.1] AndroidManifest.xml:92:13-36
253            android:exported="false" >
253-->[androidx.work:work-runtime:2.7.1] AndroidManifest.xml:93:13-37
254            <intent-filter>
254-->[androidx.work:work-runtime:2.7.1] AndroidManifest.xml:95:13-98:29
255                <action android:name="android.intent.action.DEVICE_STORAGE_LOW" />
255-->[androidx.work:work-runtime:2.7.1] AndroidManifest.xml:96:17-83
255-->[androidx.work:work-runtime:2.7.1] AndroidManifest.xml:96:25-80
256                <action android:name="android.intent.action.DEVICE_STORAGE_OK" />
256-->[androidx.work:work-runtime:2.7.1] AndroidManifest.xml:97:17-82
256-->[androidx.work:work-runtime:2.7.1] AndroidManifest.xml:97:25-79
257            </intent-filter>
258        </receiver>
259        <receiver
259-->[androidx.work:work-runtime:2.7.1] AndroidManifest.xml:100:9-109:20
260            android:name="androidx.work.impl.background.systemalarm.ConstraintProxy$NetworkStateProxy"
260-->[androidx.work:work-runtime:2.7.1] AndroidManifest.xml:101:13-103